C:\USERS\MENGMENGDA\DOCUMENTS\VISUAL STUDIO 2012\PROJECTS\SDTTLV\SDTTLV\DEBUG\VALUE.OBJ
C:\USERS\MENGMENGDA\DOCUMENTS\VISUAL STUDIO 2012\PROJECTS\SDTTLV\SDTTLV\DEBUG\VC110.PDB
C:\USERS\MENGMENGDA\DOCUMENTS\VISUAL STUDIO 2012\PROJECTS\SDTTLV\DEBUG\SDTTLV.ILK
C:\USERS\MENGMENGDA\DOCUMENTS\VISUAL STUDIO 2012\PROJECTS\SDTTLV\DEBUG\SDTTLV.DLL
C:\USERS\MENGMENGDA\DOCUMENTS\VISUAL STUDIO 2012\PROJECTS\SDTTLV\DEBUG\SDTTLV.PDB
c:\users\mengmengda\documents\visual studio 2012\Projects\SDTTLV\Debug\SDTTLV.lib
c:\users\mengmengda\documents\visual studio 2012\Projects\SDTTLV\Debug\SDTTLV.exp
C:\Users\mengmengda\documents\visual studio 2012\Projects\SDTTLV\Debug\SDTTLV.lib
C:\Users\mengmengda\documents\visual studio 2012\Projects\SDTTLV\Debug\SDTTLV.exp
C:\Users\mengmengda\documents\visual studio 2012\Projects\SDTTLV\SDTTLV\Debug\Value.obj
C:\Users\mengmengda\documents\visual studio 2012\Projects\SDTTLV\SDTTLV\Debug\cl.command.1.tlog
C:\Users\mengmengda\documents\visual studio 2012\Projects\SDTTLV\SDTTLV\Debug\CL.read.1.tlog
C:\Users\mengmengda\documents\visual studio 2012\Projects\SDTTLV\SDTTLV\Debug\CL.write.1.tlog
C:\Users\mengmengda\documents\visual studio 2012\Projects\SDTTLV\SDTTLV\Debug\link-cvtres.read.1.tlog
C:\Users\mengmengda\documents\visual studio 2012\Projects\SDTTLV\SDTTLV\Debug\link-cvtres.write.1.tlog
C:\Users\mengmengda\documents\visual studio 2012\Projects\SDTTLV\SDTTLV\Debug\link-rc.read.1.tlog
C:\Users\mengmengda\documents\visual studio 2012\Projects\SDTTLV\SDTTLV\Debug\link-rc.write.1.tlog
C:\Users\mengmengda\documents\visual studio 2012\Projects\SDTTLV\SDTTLV\Debug\link.1412-cvtres.read.1.tlog
C:\Users\mengmengda\documents\visual studio 2012\Projects\SDTTLV\SDTTLV\Debug\link.1412-cvtres.write.1.tlog
C:\Users\mengmengda\documents\visual studio 2012\Projects\SDTTLV\SDTTLV\Debug\link.1412-rc.read.1.tlog
C:\Users\mengmengda\documents\visual studio 2012\Projects\SDTTLV\SDTTLV\Debug\link.1412-rc.write.1.tlog
C:\Users\mengmengda\documents\visual studio 2012\Projects\SDTTLV\SDTTLV\Debug\link.1412.read.1.tlog
C:\Users\mengmengda\documents\visual studio 2012\Projects\SDTTLV\SDTTLV\Debug\link.1412.write.1.tlog
C:\Users\mengmengda\documents\visual studio 2012\Projects\SDTTLV\SDTTLV\Debug\link.4872-cvtres.read.1.tlog
C:\Users\mengmengda\documents\visual studio 2012\Projects\SDTTLV\SDTTLV\Debug\link.4872-cvtres.write.1.tlog
C:\Users\mengmengda\documents\visual studio 2012\Projects\SDTTLV\SDTTLV\Debug\link.4872-rc.read.1.tlog
C:\Users\mengmengda\documents\visual studio 2012\Projects\SDTTLV\SDTTLV\Debug\link.4872-rc.write.1.tlog
C:\Users\mengmengda\documents\visual studio 2012\Projects\SDTTLV\SDTTLV\Debug\link.4872.read.1.tlog
C:\Users\mengmengda\documents\visual studio 2012\Projects\SDTTLV\SDTTLV\Debug\link.4872.write.1.tlog
C:\Users\mengmengda\documents\visual studio 2012\Projects\SDTTLV\SDTTLV\Debug\link.4952-cvtres.read.1.tlog
C:\Users\mengmengda\documents\visual studio 2012\Projects\SDTTLV\SDTTLV\Debug\link.4952-cvtres.write.1.tlog
C:\Users\mengmengda\documents\visual studio 2012\Projects\SDTTLV\SDTTLV\Debug\link.4952-rc.read.1.tlog
C:\Users\mengmengda\documents\visual studio 2012\Projects\SDTTLV\SDTTLV\Debug\link.4952-rc.write.1.tlog
C:\Users\mengmengda\documents\visual studio 2012\Projects\SDTTLV\SDTTLV\Debug\link.4952.read.1.tlog
C:\Users\mengmengda\documents\visual studio 2012\Projects\SDTTLV\SDTTLV\Debug\link.4952.write.1.tlog
C:\Users\mengmengda\documents\visual studio 2012\Projects\SDTTLV\SDTTLV\Debug\link.4964-cvtres.read.1.tlog
C:\Users\mengmengda\documents\visual studio 2012\Projects\SDTTLV\SDTTLV\Debug\link.4964-cvtres.write.1.tlog
C:\Users\mengmengda\documents\visual studio 2012\Projects\SDTTLV\SDTTLV\Debug\link.4964-rc.read.1.tlog
C:\Users\mengmengda\documents\visual studio 2012\Projects\SDTTLV\SDTTLV\Debug\link.4964-rc.write.1.tlog
C:\Users\mengmengda\documents\visual studio 2012\Projects\SDTTLV\SDTTLV\Debug\link.4964.read.1.tlog
C:\Users\mengmengda\documents\visual studio 2012\Projects\SDTTLV\SDTTLV\Debug\link.4964.write.1.tlog
C:\Users\mengmengda\documents\visual studio 2012\Projects\SDTTLV\SDTTLV\Debug\link.5416-cvtres.read.1.tlog
C:\Users\mengmengda\documents\visual studio 2012\Projects\SDTTLV\SDTTLV\Debug\link.5416-cvtres.write.1.tlog
C:\Users\mengmengda\documents\visual studio 2012\Projects\SDTTLV\SDTTLV\Debug\link.5416-rc.read.1.tlog
C:\Users\mengmengda\documents\visual studio 2012\Projects\SDTTLV\SDTTLV\Debug\link.5416-rc.write.1.tlog
C:\Users\mengmengda\documents\visual studio 2012\Projects\SDTTLV\SDTTLV\Debug\link.5416.read.1.tlog
C:\Users\mengmengda\documents\visual studio 2012\Projects\SDTTLV\SDTTLV\Debug\link.5416.write.1.tlog
C:\Users\mengmengda\documents\visual studio 2012\Projects\SDTTLV\SDTTLV\Debug\link.676-cvtres.read.1.tlog
C:\Users\mengmengda\documents\visual studio 2012\Projects\SDTTLV\SDTTLV\Debug\link.676-cvtres.write.1.tlog
C:\Users\mengmengda\documents\visual studio 2012\Projects\SDTTLV\SDTTLV\Debug\link.676-rc.read.1.tlog
C:\Users\mengmengda\documents\visual studio 2012\Projects\SDTTLV\SDTTLV\Debug\link.676-rc.write.1.tlog
C:\Users\mengmengda\documents\visual studio 2012\Projects\SDTTLV\SDTTLV\Debug\link.676.read.1.tlog
C:\Users\mengmengda\documents\visual studio 2012\Projects\SDTTLV\SDTTLV\Debug\link.676.write.1.tlog
C:\Users\mengmengda\documents\visual studio 2012\Projects\SDTTLV\SDTTLV\Debug\link.6856-cvtres.read.1.tlog
C:\Users\mengmengda\documents\visual studio 2012\Projects\SDTTLV\SDTTLV\Debug\link.6856-cvtres.write.1.tlog
C:\Users\mengmengda\documents\visual studio 2012\Projects\SDTTLV\SDTTLV\Debug\link.6856-rc.read.1.tlog
C:\Users\mengmengda\documents\visual studio 2012\Projects\SDTTLV\SDTTLV\Debug\link.6856-rc.write.1.tlog
C:\Users\mengmengda\documents\visual studio 2012\Projects\SDTTLV\SDTTLV\Debug\link.6856.read.1.tlog
C:\Users\mengmengda\documents\visual studio 2012\Projects\SDTTLV\SDTTLV\Debug\link.6856.write.1.tlog
C:\Users\mengmengda\documents\visual studio 2012\Projects\SDTTLV\SDTTLV\Debug\link.command.1.tlog
C:\Users\mengmengda\documents\visual studio 2012\Projects\SDTTLV\SDTTLV\Debug\link.read.1.tlog
C:\Users\mengmengda\documents\visual studio 2012\Projects\SDTTLV\SDTTLV\Debug\link.write.1.tlog
C:\Users\mengmengda\documents\visual studio 2012\Projects\SDTTLV\SDTTLV\Debug\SDTTLV.write.1.tlog
C:\Users\mengmengda\documents\visual studio 2012\Projects\SDTTLV\SDTTLV\Debug\vc110.idb
C:\Users\mengmengda\documents\visual studio 2012\Projects\SDTTLV\SDTTLV\Debug\vc110.pdb
C:\Users\mengmengda\documents\visual studio 2012\Projects\SDTTLV\Debug\SDTTLV.pdb
C:\Users\mengmengda\documents\visual studio 2012\Projects\SDTTLV\Debug\SDTTLV.dll
C:\Users\mengmengda\documents\visual studio 2012\Projects\SDTTLV\Debug\SDTTLV.ilk
